# JRE version: Java(TM) SE Runtime Environment (8.0_60-b08) (build 1.8.0_60-ea-b08)
# Java VM: Java HotSpot(TM) 64-Bit Server VM (25.60-b08 mixed mode bsd-amd64 compressed oops)
Heap:
 PSYoungGen      total 329216K, used 20681K [0x0000000795580000, 0x00000007ab180000, 0x00000007c0000000)
  eden space 316416K, 6% used [0x0000000795580000,0x00000007969b2758,0x00000007a8a80000)
  from space 12800K, 0% used [0x00000007aa500000,0x00000007aa500000,0x00000007ab180000)
  to   space 19456K, 0% used [0x00000007a8b80000,0x00000007a8b80000,0x00000007a9e80000)
 ParOldGen       total 82432K, used 22769K [0x0000000740000000, 0x0000000745080000, 0x0000000795580000)
  object space 82432K, 27% used [0x0000000740000000,0x000000074163c488,0x0000000745080000)
 Metaspace       used 56160K, capacity 59364K, committed 59480K, reserved 1099776K
  class space    used 7977K, capacity 8548K, committed 8576K, reserved 1048576K
GC Heap History (10 events):
Event: 7.605 GC heap before
{Heap before GC invocations=9 (full 1):
 PSYoungGen      total 135680K, used 70182K [0x0000000795580000, 0x00000007a4900000, 0x00000007c0000000)
  eden space 126464K, 48% used [0x0000000795580000,0x000000079910f228,0x000000079d100000)
  from space 9216K, 99% used [0x000000079d100000,0x000000079d9fa8b8,0x000000079da00000)
  to   space 12288K, 0% used [0x00000007a3d00000,0x00000007a3d00000,0x00000007a4900000)
 ParOldGen       total 46080K, used 8341K [0x0000000740000000, 0x0000000742d00000, 0x0000000795580000)
  object space 46080K, 18% used [0x0000000740000000,0x0000000740825490,0x0000000742d00000)
 Metaspace       used 33569K, capacity 35344K, committed 35456K, reserved 1079296K
  class space    used 4589K, capacity 4925K, committed 4992K, reserved 1048576K
Event: 7.622 GC heap after
Heap after GC invocations=9 (full 1):
 PSYoungGen      total 235520K, used 11626K [0x0000000795580000, 0x00000007a4c00000, 0x00000007c0000000)
  eden space 223232K, 0% used [0x0000000795580000,0x0000000795580000,0x00000007a2f80000)
  from space 12288K, 94% used [0x00000007a3d00000,0x00000007a485a910,0x00000007a4900000)
  to   space 13824K, 0% used [0x00000007a2f80000,0x00000007a2f80000,0x00000007a3d00000)
 ParOldGen       total 46080K, used 8349K [0x0000000740000000, 0x0000000742d00000, 0x0000000795580000)
  object space 46080K, 18% used [0x0000000740000000,0x0000000740827490,0x0000000742d00000)
 Metaspace       used 33569K, capacity 35344K, committed 35456K, reserved 1079296K
  class space    used 4589K, capacity 4925K, committed 4992K, reserved 1048576K
}
Event: 7.622 GC heap before
{Heap before GC invocations=10 (full 2):
 PSYoungGen      total 235520K, used 11626K [0x0000000795580000, 0x00000007a4c00000, 0x00000007c0000000)
  eden space 223232K, 0% used [0x0000000795580000,0x0000000795580000,0x00000007a2f80000)
  from space 12288K, 94% used [0x00000007a3d00000,0x00000007a485a910,0x00000007a4900000)
  to   space 13824K, 0% used [0x00000007a2f80000,0x00000007a2f80000,0x00000007a3d00000)
 ParOldGen       total 46080K, used 8349K [0x0000000740000000, 0x0000000742d00000, 0x0000000795580000)
  object space 46080K, 18% used [0x0000000740000000,0x0000000740827490,0x0000000742d00000)
 Metaspace       used 33569K, capacity 35344K, committed 35456K, reserved 1079296K
  class space    used 4589K, capacity 4925K, committed 4992K, reserved 1048576K
Event: 7.673 GC heap after
Heap after GC invocations=10 (full 2):
 PSYoungGen      total 235520K, used 0K [0x0000000795580000, 0x00000007a4c00000, 0x00000007c0000000)
  eden space 223232K, 0% used [0x0000000795580000,0x0000000795580000,0x00000007a2f80000)
  from space 12288K, 0% used [0x00000007a3d00000,0x00000007a3d00000,0x00000007a4900000)
  to   space 13824K, 0% used [0x00000007a2f80000,0x00000007a2f80000,0x00000007a3d00000)
 ParOldGen       total 66048K, used 16338K [0x0000000740000000, 0x0000000744080000, 0x0000000795580000)
  object space 66048K, 24% used [0x0000000740000000,0x0000000740ff4b08,0x0000000744080000)
 Metaspace       used 33569K, capacity 35344K, committed 35456K, reserved 1079296K
  class space    used 4589K, capacity 4925K, committed 4992K, reserved 1048576K
}
Event: 13.219 GC heap before
{Heap before GC invocations=11 (full 2):
 PSYoungGen      total 235520K, used 223232K [0x0000000795580000, 0x00000007a4c00000, 0x00000007c0000000)
  eden space 223232K, 100% used [0x0000000795580000,0x00000007a2f80000,0x00000007a2f80000)
  from space 12288K, 0% used [0x00000007a3d00000,0x00000007a3d00000,0x00000007a4900000)
  to   space 13824K, 0% used [0x00000007a2f80000,0x00000007a2f80000,0x00000007a3d00000)
 ParOldGen       total 66048K, used 16338K [0x0000000740000000, 0x0000000744080000, 0x0000000795580000)
  object space 66048K, 24% used [0x0000000740000000,0x0000000740ff4b08,0x0000000744080000)
 Metaspace       used 51957K, capacity 54944K, committed 55040K, reserved 1095680K
  class space    used 7401K, capacity 7902K, committed 7936K, reserved 1048576K
Event: 13.246 GC heap after
Heap after GC invocations=11 (full 2):
 PSYoungGen      total 237056K, used 13818K [0x0000000795580000, 0x00000007ab800000, 0x00000007c0000000)
  eden space 223232K, 0% used [0x0000000795580000,0x0000000795580000,0x00000007a2f80000)
  from space 13824K, 99% used [0x00000007a2f80000,0x00000007a3cfeb10,0x00000007a3d00000)
  to   space 19456K, 0% used [0x00000007aa500000,0x00000007aa500000,0x00000007ab800000)
 ParOldGen       total 66048K, used 25342K [0x0000000740000000, 0x0000000744080000, 0x0000000795580000)
  object space 66048K, 38% used [0x0000000740000000,0x00000007418bfa18,0x0000000744080000)
 Metaspace       used 51957K, capacity 54944K, committed 55040K, reserved 1095680K
  class space    used 7401K, capacity 7902K, committed 7936K, reserved 1048576K
}
Event: 41.440 GC heap before
{Heap before GC invocations=12 (full 2):
 PSYoungGen      total 237056K, used 85440K [0x0000000795580000, 0x00000007ab800000, 0x00000007c0000000)
  eden space 223232K, 32% used [0x0000000795580000,0x0000000799b716a0,0x00000007a2f80000)
  from space 13824K, 99% used [0x00000007a2f80000,0x00000007a3cfeb10,0x00000007a3d00000)
  to   space 19456K, 0% used [0x00000007aa500000,0x00000007aa500000,0x00000007ab800000)
 ParOldGen       total 66048K, used 25342K [0x0000000740000000, 0x0000000744080000, 0x0000000795580000)
  object space 66048K, 38% used [0x0000000740000000,0x00000007418bfa18,0x0000000744080000)
 Metaspace       used 55709K, capacity 58928K, committed 59096K, reserved 1099776K
  class space    used 7895K, capacity 8446K, committed 8448K, reserved 1048576K
Event: 41.460 GC heap after
Heap after GC invocations=12 (full 2):
 PSYoungGen      total 329216K, used 12302K [0x0000000795580000, 0x00000007ab180000, 0x00000007c0000000)
  eden space 316416K, 0% used [0x0000000795580000,0x0000000795580000,0x00000007a8a80000)
  from space 12800K, 96% used [0x00000007aa500000,0x00000007ab103ac8,0x00000007ab180000)
  to   space 19456K, 0% used [0x00000007a8b80000,0x00000007a8b80000,0x00000007a9e80000)
 ParOldGen       total 66048K, used 25350K [0x0000000740000000, 0x0000000744080000, 0x0000000795580000)
  object space 66048K, 38% used [0x0000000740000000,0x00000007418c1a18,0x0000000744080000)
 Metaspace       used 55709K, capacity 58928K, committed 59096K, reserved 1099776K
  class space    used 7895K, capacity 8446K, committed 8448K, reserved 1048576K
}
Event: 41.460 GC heap before
{Heap before GC invocations=13 (full 3):
 PSYoungGen      total 329216K, used 12302K [0x0000000795580000, 0x00000007ab180000, 0x00000007c0000000)
  eden space 316416K, 0% used [0x0000000795580000,0x0000000795580000,0x00000007a8a80000)
  from space 12800K, 96% used [0x00000007aa500000,0x00000007ab103ac8,0x00000007ab180000)
  to   space 19456K, 0% used [0x00000007a8b80000,0x00000007a8b80000,0x00000007a9e80000)
 ParOldGen       total 66048K, used 25350K [0x0000000740000000, 0x0000000744080000, 0x0000000795580000)
  object space 66048K, 38% used [0x0000000740000000,0x00000007418c1a18,0x0000000744080000)
 Metaspace       used 55709K, capacity 58928K, committed 59096K, reserved 1099776K
  class space    used 7895K, capacity 8446K, committed 8448K, reserved 1048576K
Event: 41.593 GC heap after
Heap after GC invocations=13 (full 3):
 PSYoungGen      total 329216K, used 0K [0x0000000795580000, 0x00000007ab180000, 0x00000007c0000000)
  eden space 316416K, 0% used [0x0000000795580000,0x0000000795580000,0x00000007a8a80000)
  from space 12800K, 0% used [0x00000007aa500000,0x00000007aa500000,0x00000007ab180000)
  to   space 19456K, 0% used [0x00000007a8b80000,0x00000007a8b80000,0x00000007a9e80000)
 ParOldGen       total 82432K, used 22769K [0x0000000740000000, 0x0000000745080000, 0x0000000795580000)
  object space 82432K, 27% used [0x0000000740000000,0x000000074163c488,0x0000000745080000)
 Metaspace       used 55705K, capacity 58916K, committed 59096K, reserved 1099776K
  class space    used 7894K, capacity 8444K, committed 8448K, reserved 1048576K
}

