# JRE version: Java(TM) SE Runtime Environment (8.0_60-b08) (build 1.8.0_60-ea-b08)
# Java VM: Java HotSpot(TM) 64-Bit Server VM (25.60-b08 mixed mode bsd-amd64 compressed oops)
Heap:
 PSYoungGen      total 270848K, used 57751K [0x0000000795580000, 0x00000007a7700000, 0x00000007c0000000)
  eden space 256512K, 22% used [0x0000000795580000,0x0000000798de5e48,0x00000007a5000000)
  from space 14336K, 0% used [0x00000007a6900000,0x00000007a6900000,0x00000007a7700000)
  to   space 19456K, 0% used [0x00000007a5100000,0x00000007a5100000,0x00000007a6400000)
 ParOldGen       total 101888K, used 24331K [0x0000000740000000, 0x0000000746380000, 0x0000000795580000)
  object space 101888K, 23% used [0x0000000740000000,0x00000007417c2dd0,0x0000000746380000)
 Metaspace       used 58523K, capacity 62028K, committed 62168K, reserved 1101824K
  class space    used 8291K, capacity 8852K, committed 8960K, reserved 1048576K
GC Heap History (10 events):
Event: 7.449 GC heap before
{Heap before GC invocations=9 (full 1):
 PSYoungGen      total 135680K, used 79599K [0x0000000795580000, 0x00000007a2c00000, 0x00000007c0000000)
  eden space 126464K, 55% used [0x0000000795580000,0x0000000799a3f038,0x000000079d100000)
  from space 9216K, 99% used [0x000000079d100000,0x000000079d9fcde0,0x000000079da00000)
  to   space 11776K, 0% used [0x00000007a2080000,0x00000007a2080000,0x00000007a2c00000)
 ParOldGen       total 50176K, used 8135K [0x0000000740000000, 0x0000000743100000, 0x0000000795580000)
  object space 50176K, 16% used [0x0000000740000000,0x00000007407f1c30,0x0000000743100000)
 Metaspace       used 33552K, capacity 35356K, committed 35456K, reserved 1079296K
  class space    used 4589K, capacity 4925K, committed 4992K, reserved 1048576K
Event: 7.464 GC heap after
Heap after GC invocations=9 (full 1):
 PSYoungGen      total 205824K, used 11648K [0x0000000795580000, 0x00000007a3b00000, 0x00000007c0000000)
  eden space 194048K, 0% used [0x0000000795580000,0x0000000795580000,0x00000007a1300000)
  from space 11776K, 98% used [0x00000007a2080000,0x00000007a2be0310,0x00000007a2c00000)
  to   space 13824K, 0% used [0x00000007a1300000,0x00000007a1300000,0x00000007a2080000)
 ParOldGen       total 50176K, used 8143K [0x0000000740000000, 0x0000000743100000, 0x0000000795580000)
  object space 50176K, 16% used [0x0000000740000000,0x00000007407f3c30,0x0000000743100000)
 Metaspace       used 33552K, capacity 35356K, committed 35456K, reserved 1079296K
  class space    used 4589K, capacity 4925K, committed 4992K, reserved 1048576K
}
Event: 7.464 GC heap before
{Heap before GC invocations=10 (full 2):
 PSYoungGen      total 205824K, used 11648K [0x0000000795580000, 0x00000007a3b00000, 0x00000007c0000000)
  eden space 194048K, 0% used [0x0000000795580000,0x0000000795580000,0x00000007a1300000)
  from space 11776K, 98% used [0x00000007a2080000,0x00000007a2be0310,0x00000007a2c00000)
  to   space 13824K, 0% used [0x00000007a1300000,0x00000007a1300000,0x00000007a2080000)
 ParOldGen       total 50176K, used 8143K [0x0000000740000000, 0x0000000743100000, 0x0000000795580000)
  object space 50176K, 16% used [0x0000000740000000,0x00000007407f3c30,0x0000000743100000)
 Metaspace       used 33552K, capacity 35356K, committed 35456K, reserved 1079296K
  class space    used 4589K, capacity 4925K, committed 4992K, reserved 1048576K
Event: 7.519 GC heap after
Heap after GC invocations=10 (full 2):
 PSYoungGen      total 205824K, used 0K [0x0000000795580000, 0x00000007a3b00000, 0x00000007c0000000)
  eden space 194048K, 0% used [0x0000000795580000,0x0000000795580000,0x00000007a1300000)
  from space 11776K, 0% used [0x00000007a2080000,0x00000007a2080000,0x00000007a2c00000)
  to   space 13824K, 0% used [0x00000007a1300000,0x00000007a1300000,0x00000007a2080000)
 ParOldGen       total 76800K, used 16317K [0x0000000740000000, 0x0000000744b00000, 0x0000000795580000)
  object space 76800K, 21% used [0x0000000740000000,0x0000000740fef4e8,0x0000000744b00000)
 Metaspace       used 33552K, capacity 35356K, committed 35456K, reserved 1079296K
  class space    used 4589K, capacity 4925K, committed 4992K, reserved 1048576K
}
Event: 12.610 GC heap before
{Heap before GC invocations=11 (full 2):
 PSYoungGen      total 205824K, used 194048K [0x0000000795580000, 0x00000007a3b00000, 0x00000007c0000000)
  eden space 194048K, 100% used [0x0000000795580000,0x00000007a1300000,0x00000007a1300000)
  from space 11776K, 0% used [0x00000007a2080000,0x00000007a2080000,0x00000007a2c00000)
  to   space 13824K, 0% used [0x00000007a1300000,0x00000007a1300000,0x00000007a2080000)
 ParOldGen       total 76800K, used 16317K [0x0000000740000000, 0x0000000744b00000, 0x0000000795580000)
  object space 76800K, 21% used [0x0000000740000000,0x0000000740fef4e8,0x0000000744b00000)
 Metaspace       used 50727K, capacity 53472K, committed 53632K, reserved 1095680K
  class space    used 7222K, capacity 7700K, committed 7808K, reserved 1048576K
Event: 12.634 GC heap after
Heap after GC invocations=11 (full 2):
 PSYoungGen      total 207872K, used 13810K [0x0000000795580000, 0x00000007a7b00000, 0x00000007c0000000)
  eden space 194048K, 0% used [0x0000000795580000,0x0000000795580000,0x00000007a1300000)
  from space 13824K, 99% used [0x00000007a1300000,0x00000007a207ca50,0x00000007a2080000)
  to   space 18432K, 0% used [0x00000007a6900000,0x00000007a6900000,0x00000007a7b00000)
 ParOldGen       total 76800K, used 22846K [0x0000000740000000, 0x0000000744b00000, 0x0000000795580000)
  object space 76800K, 29% used [0x0000000740000000,0x000000074164f810,0x0000000744b00000)
 Metaspace       used 50727K, capacity 53472K, committed 53632K, reserved 1095680K
  class space    used 7222K, capacity 7700K, committed 7808K, reserved 1048576K
}
Event: 21.881 GC heap before
{Heap before GC invocations=12 (full 2):
 PSYoungGen      total 207872K, used 100804K [0x0000000795580000, 0x00000007a7b00000, 0x00000007c0000000)
  eden space 194048K, 44% used [0x0000000795580000,0x000000079aa748b8,0x00000007a1300000)
  from space 13824K, 99% used [0x00000007a1300000,0x00000007a207ca50,0x00000007a2080000)
  to   space 18432K, 0% used [0x00000007a6900000,0x00000007a6900000,0x00000007a7b00000)
 ParOldGen       total 76800K, used 22846K [0x0000000740000000, 0x0000000744b00000, 0x0000000795580000)
  object space 76800K, 29% used [0x0000000740000000,0x000000074164f810,0x0000000744b00000)
 Metaspace       used 55815K, capacity 58996K, committed 59096K, reserved 1099776K
  class space    used 7890K, capacity 8430K, committed 8448K, reserved 1048576K
Event: 21.896 GC heap after
Heap after GC invocations=12 (full 2):
 PSYoungGen      total 270848K, used 13852K [0x0000000795580000, 0x00000007a7700000, 0x00000007c0000000)
  eden space 256512K, 0% used [0x0000000795580000,0x0000000795580000,0x00000007a5000000)
  from space 14336K, 96% used [0x00000007a6900000,0x00000007a76872f0,0x00000007a7700000)
  to   space 19456K, 0% used [0x00000007a5100000,0x00000007a5100000,0x00000007a6400000)
 ParOldGen       total 76800K, used 22854K [0x0000000740000000, 0x0000000744b00000, 0x0000000795580000)
  object space 76800K, 29% used [0x0000000740000000,0x0000000741651810,0x0000000744b00000)
 Metaspace       used 55815K, capacity 58996K, committed 59096K, reserved 1099776K
  class space    used 7890K, capacity 8430K, committed 8448K, reserved 1048576K
}
Event: 21.896 GC heap before
{Heap before GC invocations=13 (full 3):
 PSYoungGen      total 270848K, used 13852K [0x0000000795580000, 0x00000007a7700000, 0x00000007c0000000)
  eden space 256512K, 0% used [0x0000000795580000,0x0000000795580000,0x00000007a5000000)
  from space 14336K, 96% used [0x00000007a6900000,0x00000007a76872f0,0x00000007a7700000)
  to   space 19456K, 0% used [0x00000007a5100000,0x00000007a5100000,0x00000007a6400000)
 ParOldGen       total 76800K, used 22854K [0x0000000740000000, 0x0000000744b00000, 0x0000000795580000)
  object space 76800K, 29% used [0x0000000740000000,0x0000000741651810,0x0000000744b00000)
 Metaspace       used 55815K, capacity 58996K, committed 59096K, reserved 1099776K
  class space    used 7890K, capacity 8430K, committed 8448K, reserved 1048576K
Event: 22.019 GC heap after
Heap after GC invocations=13 (full 3):
 PSYoungGen      total 270848K, used 0K [0x0000000795580000, 0x00000007a7700000, 0x00000007c0000000)
  eden space 256512K, 0% used [0x0000000795580000,0x0000000795580000,0x00000007a5000000)
  from space 14336K, 0% used [0x00000007a6900000,0x00000007a6900000,0x00000007a7700000)
  to   space 19456K, 0% used [0x00000007a5100000,0x00000007a5100000,0x00000007a6400000)
 ParOldGen       total 101888K, used 24331K [0x0000000740000000, 0x0000000746380000, 0x0000000795580000)
  object space 101888K, 23% used [0x0000000740000000,0x00000007417c2dd0,0x0000000746380000)
 Metaspace       used 55810K, capacity 58978K, committed 59096K, reserved 1099776K
  class space    used 7889K, capacity 8427K, committed 8448K, reserved 1048576K
}

