# JRE version: Java(TM) SE Runtime Environment (8.0_60-b08) (build 1.8.0_60-ea-b08)
# Java VM: Java HotSpot(TM) 64-Bit Server VM (25.60-b08 mixed mode bsd-amd64 compressed oops)
Heap:
 PSYoungGen      total 334336K, used 41124K [0x0000000795580000, 0x00000007ab600000, 0x00000007c0000000)
  eden space 321536K, 12% used [0x0000000795580000,0x0000000797da91b8,0x00000007a8f80000)
  from space 12800K, 0% used [0x00000007aa980000,0x00000007aa980000,0x00000007ab600000)
  to   space 19456K, 0% used [0x00000007a9000000,0x00000007a9000000,0x00000007aa300000)
 ParOldGen       total 80896K, used 23122K [0x0000000740000000, 0x0000000744f00000, 0x0000000795580000)
  object space 80896K, 28% used [0x0000000740000000,0x00000007416948b8,0x0000000744f00000)
 Metaspace       used 57266K, capacity 60658K, committed 60800K, reserved 1101824K
  class space    used 8148K, capacity 8747K, committed 8832K, reserved 1048576K
GC Heap History (10 events):
Event: 6.422 GC heap before
{Heap before GC invocations=9 (full 1):
 PSYoungGen      total 136192K, used 69860K [0x0000000795580000, 0x00000007a4a00000, 0x00000007c0000000)
  eden space 126976K, 47% used [0x0000000795580000,0x00000007990b9688,0x000000079d180000)
  from space 9216K, 99% used [0x000000079d180000,0x000000079da7fa88,0x000000079da80000)
  to   space 12288K, 0% used [0x00000007a3e00000,0x00000007a3e00000,0x00000007a4a00000)
 ParOldGen       total 46592K, used 8197K [0x0000000740000000, 0x0000000742d80000, 0x0000000795580000)
  object space 46592K, 17% used [0x0000000740000000,0x00000007408014c8,0x0000000742d80000)
 Metaspace       used 33474K, capacity 35276K, committed 35456K, reserved 1079296K
  class space    used 4564K, capacity 4923K, committed 4992K, reserved 1048576K
Event: 6.439 GC heap after
Heap after GC invocations=9 (full 1):
 PSYoungGen      total 236544K, used 11576K [0x0000000795580000, 0x00000007a4d80000, 0x00000007c0000000)
  eden space 224256K, 0% used [0x0000000795580000,0x0000000795580000,0x00000007a3080000)
  from space 12288K, 94% used [0x00000007a3e00000,0x00000007a494e168,0x00000007a4a00000)
  to   space 13824K, 0% used [0x00000007a3080000,0x00000007a3080000,0x00000007a3e00000)
 ParOldGen       total 46592K, used 8205K [0x0000000740000000, 0x0000000742d80000, 0x0000000795580000)
  object space 46592K, 17% used [0x0000000740000000,0x00000007408034c8,0x0000000742d80000)
 Metaspace       used 33474K, capacity 35276K, committed 35456K, reserved 1079296K
  class space    used 4564K, capacity 4923K, committed 4992K, reserved 1048576K
}
Event: 6.439 GC heap before
{Heap before GC invocations=10 (full 2):
 PSYoungGen      total 236544K, used 11576K [0x0000000795580000, 0x00000007a4d80000, 0x00000007c0000000)
  eden space 224256K, 0% used [0x0000000795580000,0x0000000795580000,0x00000007a3080000)
  from space 12288K, 94% used [0x00000007a3e00000,0x00000007a494e168,0x00000007a4a00000)
  to   space 13824K, 0% used [0x00000007a3080000,0x00000007a3080000,0x00000007a3e00000)
 ParOldGen       total 46592K, used 8205K [0x0000000740000000, 0x0000000742d80000, 0x0000000795580000)
  object space 46592K, 17% used [0x0000000740000000,0x00000007408034c8,0x0000000742d80000)
 Metaspace       used 33474K, capacity 35276K, committed 35456K, reserved 1079296K
  class space    used 4564K, capacity 4923K, committed 4992K, reserved 1048576K
Event: 6.488 GC heap after
Heap after GC invocations=10 (full 2):
 PSYoungGen      total 236544K, used 0K [0x0000000795580000, 0x00000007a4d80000, 0x00000007c0000000)
  eden space 224256K, 0% used [0x0000000795580000,0x0000000795580000,0x00000007a3080000)
  from space 12288K, 0% used [0x00000007a3e00000,0x00000007a3e00000,0x00000007a4a00000)
  to   space 13824K, 0% used [0x00000007a3080000,0x00000007a3080000,0x00000007a3e00000)
 ParOldGen       total 65024K, used 16421K [0x0000000740000000, 0x0000000743f80000, 0x0000000795580000)
  object space 65024K, 25% used [0x0000000740000000,0x0000000741009670,0x0000000743f80000)
 Metaspace       used 33474K, capacity 35276K, committed 35456K, reserved 1079296K
  class space    used 4564K, capacity 4923K, committed 4992K, reserved 1048576K
}
Event: 9.572 GC heap before
{Heap before GC invocations=11 (full 2):
 PSYoungGen      total 236544K, used 224256K [0x0000000795580000, 0x00000007a4d80000, 0x00000007c0000000)
  eden space 224256K, 100% used [0x0000000795580000,0x00000007a3080000,0x00000007a3080000)
  from space 12288K, 0% used [0x00000007a3e00000,0x00000007a3e00000,0x00000007a4a00000)
  to   space 13824K, 0% used [0x00000007a3080000,0x00000007a3080000,0x00000007a3e00000)
 ParOldGen       total 65024K, used 16421K [0x0000000740000000, 0x0000000743f80000, 0x0000000795580000)
  object space 65024K, 25% used [0x0000000740000000,0x0000000741009670,0x0000000743f80000)
 Metaspace       used 51749K, capacity 54738K, committed 55040K, reserved 1095680K
  class space    used 7369K, capacity 7887K, committed 7936K, reserved 1048576K
Event: 9.609 GC heap after
Heap after GC invocations=11 (full 2):
 PSYoungGen      total 238080K, used 13795K [0x0000000795580000, 0x00000007abc80000, 0x00000007c0000000)
  eden space 224256K, 0% used [0x0000000795580000,0x0000000795580000,0x00000007a3080000)
  from space 13824K, 99% used [0x00000007a3080000,0x00000007a3df8c40,0x00000007a3e00000)
  to   space 19456K, 0% used [0x00000007aa980000,0x00000007aa980000,0x00000007abc80000)
 ParOldGen       total 65024K, used 25229K [0x0000000740000000, 0x0000000743f80000, 0x0000000795580000)
  object space 65024K, 38% used [0x0000000740000000,0x00000007418a3650,0x0000000743f80000)
 Metaspace       used 51749K, capacity 54738K, committed 55040K, reserved 1095680K
  class space    used 7369K, capacity 7887K, committed 7936K, reserved 1048576K
}
Event: 37.399 GC heap before
{Heap before GC invocations=12 (full 2):
 PSYoungGen      total 238080K, used 90240K [0x0000000795580000, 0x00000007abc80000, 0x00000007c0000000)
  eden space 224256K, 34% used [0x0000000795580000,0x000000079a027418,0x00000007a3080000)
  from space 13824K, 99% used [0x00000007a3080000,0x00000007a3df8c40,0x00000007a3e00000)
  to   space 19456K, 0% used [0x00000007aa980000,0x00000007aa980000,0x00000007abc80000)
 ParOldGen       total 65024K, used 25229K [0x0000000740000000, 0x0000000743f80000, 0x0000000795580000)
  object space 65024K, 38% used [0x0000000740000000,0x00000007418a3650,0x0000000743f80000)
 Metaspace       used 55730K, capacity 58946K, committed 59096K, reserved 1099776K
  class space    used 7899K, capacity 8475K, committed 8576K, reserved 1048576K
Event: 37.417 GC heap after
Heap after GC invocations=12 (full 2):
 PSYoungGen      total 334336K, used 12772K [0x0000000795580000, 0x00000007ab600000, 0x00000007c0000000)
  eden space 321536K, 0% used [0x0000000795580000,0x0000000795580000,0x00000007a8f80000)
  from space 12800K, 99% used [0x00000007aa980000,0x00000007ab5f9318,0x00000007ab600000)
  to   space 19456K, 0% used [0x00000007a9000000,0x00000007a9000000,0x00000007aa300000)
 ParOldGen       total 65024K, used 25237K [0x0000000740000000, 0x0000000743f80000, 0x0000000795580000)
  object space 65024K, 38% used [0x0000000740000000,0x00000007418a5650,0x0000000743f80000)
 Metaspace       used 55730K, capacity 58946K, committed 59096K, reserved 1099776K
  class space    used 7899K, capacity 8475K, committed 8576K, reserved 1048576K
}
Event: 37.417 GC heap before
{Heap before GC invocations=13 (full 3):
 PSYoungGen      total 334336K, used 12772K [0x0000000795580000, 0x00000007ab600000, 0x00000007c0000000)
  eden space 321536K, 0% used [0x0000000795580000,0x0000000795580000,0x00000007a8f80000)
  from space 12800K, 99% used [0x00000007aa980000,0x00000007ab5f9318,0x00000007ab600000)
  to   space 19456K, 0% used [0x00000007a9000000,0x00000007a9000000,0x00000007aa300000)
 ParOldGen       total 65024K, used 25237K [0x0000000740000000, 0x0000000743f80000, 0x0000000795580000)
  object space 65024K, 38% used [0x0000000740000000,0x00000007418a5650,0x0000000743f80000)
 Metaspace       used 55730K, capacity 58946K, committed 59096K, reserved 1099776K
  class space    used 7899K, capacity 8475K, committed 8576K, reserved 1048576K
Event: 37.547 GC heap after
Heap after GC invocations=13 (full 3):
 PSYoungGen      total 334336K, used 0K [0x0000000795580000, 0x00000007ab600000, 0x00000007c0000000)
  eden space 321536K, 0% used [0x0000000795580000,0x0000000795580000,0x00000007a8f80000)
  from space 12800K, 0% used [0x00000007aa980000,0x00000007aa980000,0x00000007ab600000)
  to   space 19456K, 0% used [0x00000007a9000000,0x00000007a9000000,0x00000007aa300000)
 ParOldGen       total 80896K, used 23122K [0x0000000740000000, 0x0000000744f00000, 0x0000000795580000)
  object space 80896K, 28% used [0x0000000740000000,0x00000007416948b8,0x0000000744f00000)
 Metaspace       used 55730K, capacity 58946K, committed 59096K, reserved 1099776K
  class space    used 7899K, capacity 8475K, committed 8576K, reserved 1048576K
}

